<?xml version="1.0" encoding="UTF-8"?>
<!-- Generated by org.testng.reporters.JUnitReportReporter -->
<testsuite hostname="DESKTOP-TOG1MPN" failures="0" tests="3" name="com.OrangeHRMApplicationPageTestCases.OrangeHRMLogInPageTest" time="53.705" errors="0" timestamp="2023-02-05T20:23:04 IST" skipped="0">
  <testcase classname="com.OrangeHRMApplicationPageTestCases.OrangeHRMLogInPageTest" name="logInPageLogoValidationTest" time="6.006"/>
  <system-out/>
  <testcase classname="com.OrangeHRMApplicationPageTestCases.OrangeHRMLogInPageTest" name="logInPageTextValidationTest" time="27.472"/>
  <system-out/>
  <testcase classname="com.OrangeHRMApplicationPageTestCases.OrangeHRMLogInPageTest" name="logInPageLogInFuncationalityTest" time="20.227"/>
  <system-out/>
</testsuite> <!-- com.OrangeHRMApplicationPageTestCases.OrangeHRMLogInPageTest -->
