<?xml version="1.0" encoding="UTF-8"?>
<!-- Generated by org.testng.reporters.JUnitReportReporter -->
<testsuite hostname="DESKTOP-TOG1MPN" failures="0" tests="3" name="TestNG.Annotations2" time="0.013" errors="0" timestamp="2023-01-27T10:41:45 IST" skipped="1">
  <testcase classname="TestNG.Annotations2" name="gmailInBoxTest" time="0.008"/>
  <system-out/>
  <testcase classname="TestNG.Annotations2" name="gmailComposeMailTest" time="0.005"/>
  <system-out/>
  <testcase classname="TestNG.Annotations2" name="gmailSentMailTest">
    <skipped/>
  </testcase> <!-- gmailSentMailTest -->
  <system-out/>
</testsuite> <!-- TestNG.Annotations2 -->
