<?xml version="1.0" encoding="UTF-8"?>
<!-- Generated by org.testng.reporters.JUnitReportReporter -->
<testsuite hostname="DESKTOP-TOG1MPN" failures="0" tests="5" name="TestNG.Annotations1" time="0.028" errors="0" timestamp="2023-01-27T10:42:20 IST" skipped="1">
  <testcase classname="TestNG.Annotations1" name="gmailApplicationLaunch" time="0.009"/>
  <system-out/>
  <testcase classname="TestNG.Annotations1" name="gmailInBoxTest" time="0.003"/>
  <system-out/>
  <testcase classname="TestNG.Annotations1" name="gmailComposeMailTest" time="0.007"/>
  <system-out/>
  <testcase classname="TestNG.Annotations1" name="gmailApplicationClose" time="0.009"/>
  <system-out/>
  <testcase classname="TestNG.Annotations1" name="gmailSentMailTest">
    <skipped/>
  </testcase> <!-- gmailSentMailTest -->
  <system-out/>
</testsuite> <!-- TestNG.Annotations1 -->
