<?xml version="1.0" encoding="UTF-8"?>
<!-- Generated by org.testng.reporters.JUnitReportReporter -->
<testsuite hostname="DESKTOP-TOG1MPN" failures="0" tests="3" name="TestNG.Annotations3" time="0.059" errors="0" timestamp="2023-01-27T10:40:47 IST" skipped="1">
  <testcase classname="TestNG.Annotations3" name="gmailInBoxTest" time="0.057"/>
  <system-out/>
  <testcase classname="TestNG.Annotations3" name="gmailComposeMailTest" time="0.002"/>
  <system-out/>
  <testcase classname="TestNG.Annotations3" name="gmailSentMailTest">
    <skipped/>
  </testcase> <!-- gmailSentMailTest -->
  <system-out/>
</testsuite> <!-- TestNG.Annotations3 -->
