<?xml version="1.0" encoding="UTF-8"?>
<!-- Generated by org.testng.reporters.JUnitReportReporter -->
<testsuite hostname="DESKTOP-TOG1MPN" failures="0" tests="2" name="com.OrangeHRMApplicationTestCases.LoginFunctionalityTest" time="30.351" errors="0" timestamp="2023-02-03T11:17:18 IST" skipped="0">
  <testcase classname="com.OrangeHRMApplicationTestCases.LoginFunctionalityTest" name="validateLoginPageTest" time="0.830"/>
  <system-out/>
  <testcase classname="com.OrangeHRMApplicationTestCases.LoginFunctionalityTest" name="validateLoginFunctionalityTest" time="29.521"/>
  <system-out/>
</testsuite> <!-- com.OrangeHRMApplicationTestCases.LoginFunctionalityTest -->
