<?xml version="1.0" encoding="UTF-8"?>
<!-- Generated by org.testng.reporters.JUnitReportReporter -->
<testsuite hostname="DESKTOP-TOG1MPN" failures="0" tests="3" name="com.OrangeHRMApplicationTestCases.OrangeHRM_LogInTest" time="4.329" errors="0" timestamp="2023-01-28T22:09:47 IST" skipped="0">
  <testcase classname="com.OrangeHRMApplicationTestCases.OrangeHRM_LogInTest" name="logInPageValidationText" time="0.105"/>
  <system-out/>
  <testcase classname="com.OrangeHRMApplicationTestCases.OrangeHRM_LogInTest" name="logInTest" time="2.581"/>
  <system-out/>
  <testcase classname="com.OrangeHRMApplicationTestCases.OrangeHRM_LogInTest" name="logOut" time="1.643"/>
  <system-out/>
</testsuite> <!-- com.OrangeHRMApplicationTestCases.OrangeHRM_LogInTest -->
