<?xml version="1.0" encoding="UTF-8"?>
<!-- Generated by org.testng.reporters.JUnitReportReporter -->
<testsuite hostname="DESKTOP-TOG1MPN" failures="0" tests="4" name="com.OrangeHRMApplicationTestCases.OrangeApplicationAddEmployeeTest" time="22.305" errors="0" timestamp="2023-01-30T11:36:17 IST" skipped="0">
  <testcase classname="com.OrangeHRMApplicationTestCases.OrangeApplicationAddEmployeeTest" name="logInPageValidationText" time="0.055"/>
  <system-out/>
  <testcase classname="com.OrangeHRMApplicationTestCases.OrangeApplicationAddEmployeeTest" name="LoginTest" time="2.693"/>
  <system-out/>
  <testcase classname="com.OrangeHRMApplicationTestCases.OrangeApplicationAddEmployeeTest" name="AddEmplyeeTest" time="17.784"/>
  <system-out/>
  <testcase classname="com.OrangeHRMApplicationTestCases.OrangeApplicationAddEmployeeTest" name="logOut" time="1.773"/>
  <system-out/>
</testsuite> <!-- com.OrangeHRMApplicationTestCases.OrangeApplicationAddEmployeeTest -->
