<?xml version="1.0" encoding="UTF-8"?>
<!-- Generated by org.testng.reporters.JUnitReportReporter -->
<testsuite hostname="DESKTOP-TOG1MPN" failures="0" tests="5" name="test.TstNg" time="0.017" errors="0" timestamp="2023-01-27T11:47:03 IST" skipped="1">
  <testcase classname="test.TstNg" name="gmailApplicationLaunch" time="0.011"/>
  <system-out/>
  <testcase classname="test.TstNg" name="gmailInBoxTest" time="0.003"/>
  <system-out/>
  <testcase classname="test.TstNg" name="gmailComposeMailTest" time="0.001"/>
  <system-out/>
  <testcase classname="test.TstNg" name="gmailApplicationClose" time="0.002"/>
  <system-out/>
  <testcase classname="test.TstNg" name="gmailSentMailTest">
    <skipped/>
  </testcase> <!-- gmailSentMailTest -->
  <system-out/>
</testsuite> <!-- test.TstNg -->
